INFO:     Started server process [37566]
INFO:     Waiting for application startup.
INFO:sentinel.main:[STARTUP] Initializing database...
INFO:sentinel.main:[STARTUP] Database tables verified/created.
INFO:sentinel.main:[STARTUP] Admin user already exists.
INFO:     Application startup complete.
INFO:     Uvicorn running on http://0.0.0.0:8000 (Press CTRL+C to quit)
INFO:sentinel.main:[NODE] Incoming Request: OPTIONS /api/v1/actions/perform
INFO:sentinel.main:[NODE] Outgoing Response: 200
INFO:     127.0.0.1:56074 - "OPTIONS /api/v1/actions/perform HTTP/1.1" 200 OK
INFO:sentinel.main:[NODE] Incoming Request: POST /api/v1/actions/perform
INFO:sentinel.actions:User admin (ID: 1) performing action: VIEW_FEED_DETAIL
INFO:sentinel.main:[NODE] Outgoing Response: 200
INFO:     127.0.0.1:56074 - "POST /api/v1/actions/perform HTTP/1.1" 200 OK
INFO:sentinel.main:[NODE] Incoming Request: GET /api/v1/system/overview
INFO:sentinel.main:[NODE] Outgoing Response: 200
INFO:     127.0.0.1:56076 - "GET /api/v1/system/overview HTTP/1.1" 200 OK
INFO:sentinel.main:[NODE] Incoming Request: POST /api/v1/actions/perform
INFO:sentinel.actions:User admin (ID: 1) performing action: CONNECT_TICKER
INFO:sentinel.main:[NODE] Outgoing Response: 200
INFO:     127.0.0.1:56076 - "POST /api/v1/actions/perform HTTP/1.1" 200 OK
INFO:sentinel.main:[NODE] Incoming Request: GET /api/v1/system/overview
INFO:sentinel.main:[NODE] Outgoing Response: 200
INFO:     127.0.0.1:56172 - "GET /api/v1/system/overview HTTP/1.1" 200 OK
INFO:sentinel.main:[NODE] Incoming Request: OPTIONS /api/v1/actions/download-sim
INFO:sentinel.main:[NODE] Outgoing Response: 200
INFO:     127.0.0.1:56204 - "OPTIONS /api/v1/actions/download-sim?file_type=pdf&category=overview HTTP/1.1" 200 OK
INFO:sentinel.main:[NODE] Incoming Request: GET /api/v1/actions/download-sim
INFO:sentinel.actions:User admin downloading overview as pdf
INFO:sentinel.main:[NODE] Outgoing Response: 200
INFO:     127.0.0.1:56204 - "GET /api/v1/actions/download-sim?file_type=pdf&category=overview HTTP/1.1" 200 OK
INFO:sentinel.main:[NODE] Incoming Request: GET /api/v1/actions/download-file
INFO:     127.0.0.1:56215 - "GET /api/v1/actions/download-file?filename=SENTINEL_OVERVIEW_admin.pdf&category=overview HTTP/1.1" 500 Internal Server Error
ERROR:    Exception in ASGI application
  + Exception Group Traceback (most recent call last):
  |   File "/Users/mukul/Desktop/SENTINEL-1930/backend/venv/lib/python3.14/site-packages/starlette/_utils.py", line 81, in collapse_excgroups
  |     yield
  |   File "/Users/mukul/Desktop/SENTINEL-1930/backend/venv/lib/python3.14/site-packages/starlette/middleware/base.py", line 192, in __call__
  |     async with anyio.create_task_group() as task_group:
  |                ~~~~~~~~~~~~~~~~~~~~~~~^^
  |   File "/Users/mukul/Desktop/SENTINEL-1930/backend/venv/lib/python3.14/site-packages/anyio/_backends/_asyncio.py", line 783, in __aexit__
  |     raise BaseExceptionGroup(
  |         "unhandled errors in a TaskGroup", self._exceptions
  |     ) from None
  | ExceptionGroup: unhandled errors in a TaskGroup (1 sub-exception)
  +-+---------------- 1 ----------------
    | Traceback (most recent call last):
    |   File "/Users/mukul/Desktop/SENTINEL-1930/backend/venv/lib/python3.14/site-packages/uvicorn/protocols/http/h11_impl.py", line 410, in run_asgi
    |     result = await app(  # type: ignore[func-returns-value]
    |              ^^^^^^^^^^^^^^^^^^^^^^^^^^^^^^^^^^^^^^^^^^^^^^
    |         self.scope, self.receive, self.send
    |         ^^^^^^^^^^^^^^^^^^^^^^^^^^^^^^^^^^^
    |     )
    |     ^
    |   File "/Users/mukul/Desktop/SENTINEL-1930/backend/venv/lib/python3.14/site-packages/uvicorn/middleware/proxy_headers.py", line 60, in __call__
    |     return await self.app(scope, receive, send)
    |            ^^^^^^^^^^^^^^^^^^^^^^^^^^^^^^^^^^^^
    |   File "/Users/mukul/Desktop/SENTINEL-1930/backend/venv/lib/python3.14/site-packages/fastapi/applications.py", line 1160, in __call__
    |     await super().__call__(scope, receive, send)
    |   File "/Users/mukul/Desktop/SENTINEL-1930/backend/venv/lib/python3.14/site-packages/starlette/applications.py", line 107, in __call__
    |     await self.middleware_stack(scope, receive, send)
    |   File "/Users/mukul/Desktop/SENTINEL-1930/backend/venv/lib/python3.14/site-packages/starlette/middleware/errors.py", line 186, in __call__
    |     raise exc
    |   File "/Users/mukul/Desktop/SENTINEL-1930/backend/venv/lib/python3.14/site-packages/starlette/middleware/errors.py", line 164, in __call__
    |     await self.app(scope, receive, _send)
    |   File "/Users/mukul/Desktop/SENTINEL-1930/backend/venv/lib/python3.14/site-packages/starlette/middleware/base.py", line 191, in __call__
    |     with recv_stream, send_stream, collapse_excgroups():
    |                                    ~~~~~~~~~~~~~~~~~~^^
    |   File "/opt/homebrew/Cellar/python@3.14/3.14.2/Frameworks/Python.framework/Versions/3.14/lib/python3.14/contextlib.py", line 162, in __exit__
    |     self.gen.throw(value)
    |     ~~~~~~~~~~~~~~^^^^^^^
    |   File "/Users/mukul/Desktop/SENTINEL-1930/backend/venv/lib/python3.14/site-packages/starlette/_utils.py", line 87, in collapse_excgroups
    |     raise exc
    |   File "/Users/mukul/Desktop/SENTINEL-1930/backend/venv/lib/python3.14/site-packages/starlette/middleware/base.py", line 193, in __call__
    |     response = await self.dispatch_func(request, call_next)
    |                ^^^^^^^^^^^^^^^^^^^^^^^^^^^^^^^^^^^^^^^^^^^^
    |   File "/Users/mukul/Desktop/SENTINEL-1930/backend/main.py", line 122, in simple_request_log
    |     response = await call_next(request)
    |                ^^^^^^^^^^^^^^^^^^^^^^^^
    |   File "/Users/mukul/Desktop/SENTINEL-1930/backend/venv/lib/python3.14/site-packages/starlette/middleware/base.py", line 168, in call_next
    |     raise app_exc from app_exc.__cause__ or app_exc.__context__
    |   File "/Users/mukul/Desktop/SENTINEL-1930/backend/venv/lib/python3.14/site-packages/starlette/middleware/base.py", line 144, in coro
    |     await self.app(scope, receive_or_disconnect, send_no_error)
    |   File "/Users/mukul/Desktop/SENTINEL-1930/backend/venv/lib/python3.14/site-packages/starlette/middleware/base.py", line 191, in __call__
    |     with recv_stream, send_stream, collapse_excgroups():
    |                                    ~~~~~~~~~~~~~~~~~~^^
    |   File "/opt/homebrew/Cellar/python@3.14/3.14.2/Frameworks/Python.framework/Versions/3.14/lib/python3.14/contextlib.py", line 162, in __exit__
    |     self.gen.throw(value)
    |     ~~~~~~~~~~~~~~^^^^^^^
    |   File "/Users/mukul/Desktop/SENTINEL-1930/backend/venv/lib/python3.14/site-packages/starlette/_utils.py", line 87, in collapse_excgroups
    |     raise exc
    |   File "/Users/mukul/Desktop/SENTINEL-1930/backend/venv/lib/python3.14/site-packages/starlette/middleware/base.py", line 193, in __call__
    |     response = await self.dispatch_func(request, call_next)
    |                ^^^^^^^^^^^^^^^^^^^^^^^^^^^^^^^^^^^^^^^^^^^^
    |   File "/Users/mukul/Desktop/SENTINEL-1930/backend/main.py", line 107, in set_secure_headers
    |     response = await call_next(request)
    |                ^^^^^^^^^^^^^^^^^^^^^^^^
    |   File "/Users/mukul/Desktop/SENTINEL-1930/backend/venv/lib/python3.14/site-packages/starlette/middleware/base.py", line 168, in call_next
    |     raise app_exc from app_exc.__cause__ or app_exc.__context__
    |   File "/Users/mukul/Desktop/SENTINEL-1930/backend/venv/lib/python3.14/site-packages/starlette/middleware/base.py", line 144, in coro
    |     await self.app(scope, receive_or_disconnect, send_no_error)
    |   File "/Users/mukul/Desktop/SENTINEL-1930/backend/venv/lib/python3.14/site-packages/starlette/middleware/cors.py", line 87, in __call__
    |     await self.app(scope, receive, send)
    |   File "/Users/mukul/Desktop/SENTINEL-1930/backend/venv/lib/python3.14/site-packages/starlette/middleware/exceptions.py", line 63, in __call__
    |     await wrap_app_handling_exceptions(self.app, conn)(scope, receive, send)
    |   File "/Users/mukul/Desktop/SENTINEL-1930/backend/venv/lib/python3.14/site-packages/starlette/_exception_handler.py", line 53, in wrapped_app
    |     raise exc
    |   File "/Users/mukul/Desktop/SENTINEL-1930/backend/venv/lib/python3.14/site-packages/starlette/_exception_handler.py", line 42, in wrapped_app
    |     await app(scope, receive, sender)
    |   File "/Users/mukul/Desktop/SENTINEL-1930/backend/venv/lib/python3.14/site-packages/fastapi/middleware/asyncexitstack.py", line 18, in __call__
    |     await self.app(scope, receive, send)
    |   File "/Users/mukul/Desktop/SENTINEL-1930/backend/venv/lib/python3.14/site-packages/starlette/routing.py", line 716, in __call__
    |     await self.middleware_stack(scope, receive, send)
    |   File "/Users/mukul/Desktop/SENTINEL-1930/backend/venv/lib/python3.14/site-packages/starlette/routing.py", line 736, in app
    |     await route.handle(scope, receive, send)
    |   File "/Users/mukul/Desktop/SENTINEL-1930/backend/venv/lib/python3.14/site-packages/starlette/routing.py", line 290, in handle
    |     await self.app(scope, receive, send)
    |   File "/Users/mukul/Desktop/SENTINEL-1930/backend/venv/lib/python3.14/site-packages/fastapi/routing.py", line 130, in app
    |     await wrap_app_handling_exceptions(app, request)(scope, receive, send)
    |   File "/Users/mukul/Desktop/SENTINEL-1930/backend/venv/lib/python3.14/site-packages/starlette/_exception_handler.py", line 53, in wrapped_app
    |     raise exc
    |   File "/Users/mukul/Desktop/SENTINEL-1930/backend/venv/lib/python3.14/site-packages/starlette/_exception_handler.py", line 42, in wrapped_app
    |     await app(scope, receive, sender)
    |   File "/Users/mukul/Desktop/SENTINEL-1930/backend/venv/lib/python3.14/site-packages/fastapi/routing.py", line 116, in app
    |     response = await f(request)
    |                ^^^^^^^^^^^^^^^^
    |   File "/Users/mukul/Desktop/SENTINEL-1930/backend/venv/lib/python3.14/site-packages/fastapi/routing.py", line 670, in app
    |     raw_response = await run_endpoint_function(
    |                    ^^^^^^^^^^^^^^^^^^^^^^^^^^^^
    |     ...<3 lines>...
    |     )
    |     ^
    |   File "/Users/mukul/Desktop/SENTINEL-1930/backend/venv/lib/python3.14/site-packages/fastapi/routing.py", line 324, in run_endpoint_function
    |     return await dependant.call(**values)
    |            ^^^^^^^^^^^^^^^^^^^^^^^^^^^^^^
    |   File "/Users/mukul/Desktop/SENTINEL-1930/backend/api/actions.py", line 94, in get_download_file
    |     minimal_pdf_bytes = base64.b64decode(
    |                         ^^^^^^
    | NameError: name 'base64' is not defined. Did you forget to import 'base64'?
    +------------------------------------

The above exception was the direct cause of the following exception:

Traceback (most recent call last):
  File "/Users/mukul/Desktop/SENTINEL-1930/backend/venv/lib/python3.14/site-packages/uvicorn/protocols/http/h11_impl.py", line 410, in run_asgi
    result = await app(  # type: ignore[func-returns-value]
             ^^^^^^^^^^^^^^^^^^^^^^^^^^^^^^^^^^^^^^^^^^^^^^
        self.scope, self.receive, self.send
        ^^^^^^^^^^^^^^^^^^^^^^^^^^^^^^^^^^^
    )
    ^
  File "/Users/mukul/Desktop/SENTINEL-1930/backend/venv/lib/python3.14/site-packages/uvicorn/middleware/proxy_headers.py", line 60, in __call__
    return await self.app(scope, receive, send)
           ^^^^^^^^^^^^^^^^^^^^^^^^^^^^^^^^^^^^
  File "/Users/mukul/Desktop/SENTINEL-1930/backend/venv/lib/python3.14/site-packages/fastapi/applications.py", line 1160, in __call__
    await super().__call__(scope, receive, send)
  File "/Users/mukul/Desktop/SENTINEL-1930/backend/venv/lib/python3.14/site-packages/starlette/applications.py", line 107, in __call__
    await self.middleware_stack(scope, receive, send)
  File "/Users/mukul/Desktop/SENTINEL-1930/backend/venv/lib/python3.14/site-packages/starlette/middleware/errors.py", line 186, in __call__
    raise exc
  File "/Users/mukul/Desktop/SENTINEL-1930/backend/venv/lib/python3.14/site-packages/starlette/middleware/errors.py", line 164, in __call__
    await self.app(scope, receive, _send)
  File "/Users/mukul/Desktop/SENTINEL-1930/backend/venv/lib/python3.14/site-packages/starlette/middleware/base.py", line 191, in __call__
    with recv_stream, send_stream, collapse_excgroups():
                                   ~~~~~~~~~~~~~~~~~~^^
  File "/opt/homebrew/Cellar/python@3.14/3.14.2/Frameworks/Python.framework/Versions/3.14/lib/python3.14/contextlib.py", line 162, in __exit__
    self.gen.throw(value)
    ~~~~~~~~~~~~~~^^^^^^^
  File "/Users/mukul/Desktop/SENTINEL-1930/backend/venv/lib/python3.14/site-packages/starlette/_utils.py", line 87, in collapse_excgroups
    raise exc
  File "/Users/mukul/Desktop/SENTINEL-1930/backend/venv/lib/python3.14/site-packages/starlette/middleware/base.py", line 193, in __call__
    response = await self.dispatch_func(request, call_next)
               ^^^^^^^^^^^^^^^^^^^^^^^^^^^^^^^^^^^^^^^^^^^^
  File "/Users/mukul/Desktop/SENTINEL-1930/backend/main.py", line 122, in simple_request_log
    response = await call_next(request)
               ^^^^^^^^^^^^^^^^^^^^^^^^
  File "/Users/mukul/Desktop/SENTINEL-1930/backend/venv/lib/python3.14/site-packages/starlette/middleware/base.py", line 168, in call_next
    raise app_exc from app_exc.__cause__ or app_exc.__context__
  File "/Users/mukul/Desktop/SENTINEL-1930/backend/venv/lib/python3.14/site-packages/starlette/middleware/base.py", line 144, in coro
    await self.app(scope, receive_or_disconnect, send_no_error)
  File "/Users/mukul/Desktop/SENTINEL-1930/backend/venv/lib/python3.14/site-packages/starlette/middleware/base.py", line 191, in __call__
    with recv_stream, send_stream, collapse_excgroups():
                                   ~~~~~~~~~~~~~~~~~~^^
  File "/opt/homebrew/Cellar/python@3.14/3.14.2/Frameworks/Python.framework/Versions/3.14/lib/python3.14/contextlib.py", line 162, in __exit__
    self.gen.throw(value)
    ~~~~~~~~~~~~~~^^^^^^^
  File "/Users/mukul/Desktop/SENTINEL-1930/backend/venv/lib/python3.14/site-packages/starlette/_utils.py", line 87, in collapse_excgroups
    raise exc
  File "/Users/mukul/Desktop/SENTINEL-1930/backend/venv/lib/python3.14/site-packages/starlette/middleware/base.py", line 193, in __call__
    response = await self.dispatch_func(request, call_next)
               ^^^^^^^^^^^^^^^^^^^^^^^^^^^^^^^^^^^^^^^^^^^^
  File "/Users/mukul/Desktop/SENTINEL-1930/backend/main.py", line 107, in set_secure_headers
    response = await call_next(request)
               ^^^^^^^^^^^^^^^^^^^^^^^^
  File "/Users/mukul/Desktop/SENTINEL-1930/backend/venv/lib/python3.14/site-packages/starlette/middleware/base.py", line 168, in call_next
    raise app_exc from app_exc.__cause__ or app_exc.__context__
  File "/Users/mukul/Desktop/SENTINEL-1930/backend/venv/lib/python3.14/site-packages/starlette/middleware/base.py", line 144, in coro
    await self.app(scope, receive_or_disconnect, send_no_error)
  File "/Users/mukul/Desktop/SENTINEL-1930/backend/venv/lib/python3.14/site-packages/starlette/middleware/cors.py", line 87, in __call__
    await self.app(scope, receive, send)
  File "/Users/mukul/Desktop/SENTINEL-1930/backend/venv/lib/python3.14/site-packages/starlette/middleware/exceptions.py", line 63, in __call__
    await wrap_app_handling_exceptions(self.app, conn)(scope, receive, send)
  File "/Users/mukul/Desktop/SENTINEL-1930/backend/venv/lib/python3.14/site-packages/starlette/_exception_handler.py", line 53, in wrapped_app
    raise exc
  File "/Users/mukul/Desktop/SENTINEL-1930/backend/venv/lib/python3.14/site-packages/starlette/_exception_handler.py", line 42, in wrapped_app
    await app(scope, receive, sender)
  File "/Users/mukul/Desktop/SENTINEL-1930/backend/venv/lib/python3.14/site-packages/fastapi/middleware/asyncexitstack.py", line 18, in __call__
    await self.app(scope, receive, send)
  File "/Users/mukul/Desktop/SENTINEL-1930/backend/venv/lib/python3.14/site-packages/starlette/routing.py", line 716, in __call__
    await self.middleware_stack(scope, receive, send)
  File "/Users/mukul/Desktop/SENTINEL-1930/backend/venv/lib/python3.14/site-packages/starlette/routing.py", line 736, in app
    await route.handle(scope, receive, send)
  File "/Users/mukul/Desktop/SENTINEL-1930/backend/venv/lib/python3.14/site-packages/starlette/routing.py", line 290, in handle
    await self.app(scope, receive, send)
  File "/Users/mukul/Desktop/SENTINEL-1930/backend/venv/lib/python3.14/site-packages/fastapi/routing.py", line 130, in app
    await wrap_app_handling_exceptions(app, request)(scope, receive, send)
  File "/Users/mukul/Desktop/SENTINEL-1930/backend/venv/lib/python3.14/site-packages/starlette/_exception_handler.py", line 53, in wrapped_app
    raise exc
  File "/Users/mukul/Desktop/SENTINEL-1930/backend/venv/lib/python3.14/site-packages/starlette/_exception_handler.py", line 42, in wrapped_app
    await app(scope, receive, sender)
  File "/Users/mukul/Desktop/SENTINEL-1930/backend/venv/lib/python3.14/site-packages/fastapi/routing.py", line 116, in app
    response = await f(request)
               ^^^^^^^^^^^^^^^^
  File "/Users/mukul/Desktop/SENTINEL-1930/backend/venv/lib/python3.14/site-packages/fastapi/routing.py", line 670, in app
    raw_response = await run_endpoint_function(
                   ^^^^^^^^^^^^^^^^^^^^^^^^^^^^
    ...<3 lines>...
    )
    ^
  File "/Users/mukul/Desktop/SENTINEL-1930/backend/venv/lib/python3.14/site-packages/fastapi/routing.py", line 324, in run_endpoint_function
    return await dependant.call(**values)
           ^^^^^^^^^^^^^^^^^^^^^^^^^^^^^^
  File "/Users/mukul/Desktop/SENTINEL-1930/backend/api/actions.py", line 94, in get_download_file
    minimal_pdf_bytes = base64.b64decode(
                        ^^^^^^
NameError: name 'base64' is not defined. Did you forget to import 'base64'?
INFO:sentinel.main:[NODE] Incoming Request: GET /favicon.ico
INFO:sentinel.main:[NODE] Outgoing Response: 404
INFO:     127.0.0.1:56218 - "GET /favicon.ico HTTP/1.1" 404 Not Found
INFO:sentinel.main:[NODE] Incoming Request: GET /api/v1/system/overview
INFO:sentinel.main:[NODE] Outgoing Response: 200
INFO:     127.0.0.1:56254 - "GET /api/v1/system/overview HTTP/1.1" 200 OK
INFO:sentinel.main:[NODE] Incoming Request: GET /api/v1/system/overview
INFO:sentinel.main:[NODE] Outgoing Response: 200
INFO:     127.0.0.1:56326 - "GET /api/v1/system/overview HTTP/1.1" 200 OK
